0 verbose cli /usr/local/bin/node /usr/local/bin/npm
1 info using npm@10.9.2
2 info using node@v22.17.0
3 silly config load:file:/usr/local/lib/node_modules/npm/npmrc
4 silly config load:file:/Users/joannasmialowski/Desktop/cursor/test/.npmrc
5 silly config load:file:/Users/joannasmialowski/.npmrc
6 silly config load:file:/usr/local/etc/npmrc
7 verbose title npm install
8 verbose argv "install" "--package-lock-only" "--ignore-scripts"
9 verbose logfile logs-max:10 dir:/Users/joannasmialowski/Desktop/cursor/test/npm-cache/_logs/2025-11-21T12_07_09_266Z-
10 verbose logfile /Users/joannasmialowski/Desktop/cursor/test/npm-cache/_logs/2025-11-21T12_07_09_266Z-debug-0.log
11 silly logfile done cleaning log files
12 silly packumentCache heap:4345298944 maxSize:1086324736 maxEntrySize:543162368
13 silly idealTree buildDeps
14 silly audit bulk request {
14 silly audit   '@ampproject/remapping': [ '2.3.0' ],
14 silly audit   '@angular-devkit/architect': [ '0.1802.21' ],
14 silly audit   rxjs: [ '7.8.1', '7.8.2' ],
14 silly audit   '@angular-devkit/build-angular': [ '18.2.21' ],
14 silly audit   tslib: [ '2.6.3', '2.8.1' ],
14 silly audit   '@angular-devkit/build-webpack': [ '0.1802.21' ],
14 silly audit   '@angular-devkit/core': [ '18.2.21' ],
14 silly audit   '@angular-devkit/schematics': [ '18.2.21' ],
14 silly audit   '@angular/animations': [ '18.2.14' ],
14 silly audit   '@angular/build': [ '18.2.21' ],
14 silly audit   '@babel/core': [ '7.25.2', '7.26.10' ],
14 silly audit   semver: [ '6.3.1', '5.7.2', '7.6.3' ],
14 silly audit   '@babel/helper-annotate-as-pure': [ '7.24.7', '7.25.9', '7.27.3' ],
14 silly audit   'convert-source-map': [ '2.0.0', '1.9.0' ],
14 silly audit   '@angular/cdk': [ '18.2.0' ],
14 silly audit   '@angular/cli': [ '18.2.21' ],
14 silly audit   '@angular/common': [ '18.2.14' ],
14 silly audit   '@angular/compiler': [ '18.2.14' ],
14 silly audit   '@angular/compiler-cli': [ '18.2.14' ],
14 silly audit   chokidar: [ '4.0.3', '3.6.0' ],
14 silly audit   readdirp: [ '4.1.2', '3.6.0' ],
14 silly audit   '@angular/core': [ '18.2.14' ],
14 silly audit   '@angular/forms': [ '18.2.14' ],
14 silly audit   '@angular/material': [ '18.2.0' ],
14 silly audit   '@angular/platform-browser': [ '18.2.14' ],
14 silly audit   '@angular/platform-browser-dynamic': [ '18.2.14' ],
14 silly audit   '@angular/router': [ '18.2.14' ],
14 silly audit   '@babel/code-frame': [ '7.27.1' ],
14 silly audit   '@babel/compat-data': [ '7.28.5' ],
14 silly audit   '@babel/generator': [ '7.26.10', '7.28.5' ],
14 silly audit   '@babel/helper-compilation-targets': [ '7.27.2' ],
14 silly audit   '@babel/helper-create-class-features-plugin': [ '7.28.5' ],
14 silly audit   '@babel/helper-create-regexp-features-plugin': [ '7.28.5' ],
14 silly audit   '@babel/helper-define-polyfill-provider': [ '0.6.5' ],
14 silly audit   resolve: [ '1.22.11', '1.22.8' ],
14 silly audit   '@babel/helper-globals': [ '7.28.0' ],
14 silly audit   '@babel/helper-member-expression-to-functions': [ '7.28.5' ],
14 silly audit   '@babel/helper-module-imports': [ '7.27.1' ],
14 silly audit   '@babel/helper-module-transforms': [ '7.28.3' ],
14 silly audit   '@babel/helper-optimise-call-expression': [ '7.27.1' ],
14 silly audit   '@babel/helper-plugin-utils': [ '7.27.1' ],
14 silly audit   '@babel/helper-remap-async-to-generator': [ '7.27.1' ],
14 silly audit   '@babel/helper-replace-supers': [ '7.27.1' ],
14 silly audit   '@babel/helper-skip-transparent-expression-wrappers': [ '7.27.1' ],
14 silly audit   '@babel/helper-split-export-declaration': [ '7.24.7' ],
14 silly audit   '@babel/helper-string-parser': [ '7.27.1' ],
14 silly audit   '@babel/helper-validator-identifier': [ '7.28.5' ],
14 silly audit   '@babel/helper-validator-option': [ '7.27.1' ],
14 silly audit   '@babel/helper-wrap-function': [ '7.28.3' ],
14 silly audit   '@babel/helpers': [ '7.28.4' ],
14 silly audit   '@babel/parser': [ '7.28.5' ],
14 silly audit   '@babel/plugin-bugfix-firefox-class-in-computed-class-key': [ '7.28.5' ],
14 silly audit   '@babel/plugin-bugfix-safari-class-field-initializer-scope': [ '7.27.1' ],
14 silly audit   '@babel/plugin-bugfix-safari-id-destructuring-collision-in-function-expression': [ '7.27.1' ],
14 silly audit   '@babel/plugin-bugfix-v8-spread-parameters-in-optional-chaining': [ '7.27.1' ],
14 silly audit   '@babel/plugin-bugfix-v8-static-class-fields-redefine-readonly': [ '7.28.3' ],
14 silly audit   '@babel/plugin-proposal-private-property-in-object': [ '7.21.0-placeholder-for-preset-env.2' ],
14 silly audit   '@babel/plugin-syntax-import-assertions': [ '7.27.1' ],
14 silly audit   '@babel/plugin-syntax-import-attributes': [ '7.24.7', '7.27.1' ],
14 silly audit   '@babel/plugin-syntax-unicode-sets-regex': [ '7.18.6' ],
14 silly audit   '@babel/plugin-transform-arrow-functions': [ '7.27.1' ],
14 silly audit   '@babel/plugin-transform-async-generator-functions': [ '7.26.8' ],
14 silly audit   '@babel/plugin-transform-async-to-generator': [ '7.25.9' ],
14 silly audit   '@babel/plugin-transform-block-scoped-functions': [ '7.27.1' ],
14 silly audit   '@babel/plugin-transform-block-scoping': [ '7.28.5' ],
14 silly audit   '@babel/plugin-transform-class-properties': [ '7.27.1' ],
14 silly audit   '@babel/plugin-transform-class-static-block': [ '7.28.3' ],
14 silly audit   '@babel/plugin-transform-classes': [ '7.28.4' ],
14 silly audit   '@babel/plugin-transform-computed-properties': [ '7.27.1' ],
14 silly audit   '@babel/plugin-transform-destructuring': [ '7.28.5' ],
14 silly audit   '@babel/plugin-transform-dotall-regex': [ '7.27.1' ],
14 silly audit   '@babel/plugin-transform-duplicate-keys': [ '7.27.1' ],
14 silly audit   '@babel/plugin-transform-duplicate-named-capturing-groups-regex': [ '7.27.1' ],
14 silly audit   '@babel/plugin-transform-dynamic-import': [ '7.27.1' ],
14 silly audit   '@babel/plugin-transform-exponentiation-operator': [ '7.28.5' ],
14 silly audit   '@babel/plugin-transform-export-namespace-from': [ '7.27.1' ],
14 silly audit   '@babel/plugin-transform-for-of': [ '7.27.1' ],
14 silly audit   '@babel/plugin-transform-function-name': [ '7.27.1' ],
14 silly audit   '@babel/plugin-transform-json-strings': [ '7.27.1' ],
14 silly audit   '@babel/plugin-transform-literals': [ '7.27.1' ],
14 silly audit   '@babel/plugin-transform-logical-assignment-operators': [ '7.28.5' ],
14 silly audit   '@babel/plugin-transform-member-expression-literals': [ '7.27.1' ],
14 silly audit   '@babel/plugin-transform-modules-amd': [ '7.27.1' ],
14 silly audit   '@babel/plugin-transform-modules-commonjs': [ '7.27.1' ],
14 silly audit   '@babel/plugin-transform-modules-systemjs': [ '7.28.5' ],
14 silly audit   '@babel/plugin-transform-modules-umd': [ '7.27.1' ],
14 silly audit   '@babel/plugin-transform-named-capturing-groups-regex': [ '7.27.1' ],
14 silly audit   '@babel/plugin-transform-new-target': [ '7.27.1' ],
14 silly audit   '@babel/plugin-transform-nullish-coalescing-operator': [ '7.27.1' ],
14 silly audit   '@babel/plugin-transform-numeric-separator': [ '7.27.1' ],
14 silly audit   '@babel/plugin-transform-object-rest-spread': [ '7.28.4' ],
14 silly audit   '@babel/plugin-transform-object-super': [ '7.27.1' ],
14 silly audit   '@babel/plugin-transform-optional-catch-binding': [ '7.27.1' ],
14 silly audit   '@babel/plugin-transform-optional-chaining': [ '7.28.5' ],
14 silly audit   '@babel/plugin-transform-parameters': [ '7.27.7' ],
14 silly audit   '@babel/plugin-transform-private-methods': [ '7.27.1' ],
14 silly audit   '@babel/plugin-transform-private-property-in-object': [ '7.27.1' ],
14 silly audit   '@babel/plugin-transform-property-literals': [ '7.27.1' ],
14 silly audit   '@babel/plugin-transform-regenerator': [ '7.28.4' ],
14 silly audit   '@babel/plugin-transform-regexp-modifiers': [ '7.27.1' ],
14 silly audit   '@babel/plugin-transform-reserved-words': [ '7.27.1' ],
14 silly audit   '@babel/plugin-transform-runtime': [ '7.26.10' ],
14 silly audit   '@babel/plugin-transform-shorthand-properties': [ '7.27.1' ],
14 silly audit   '@babel/plugin-transform-spread': [ '7.27.1' ],
14 silly audit   '@babel/plugin-transform-sticky-regex': [ '7.27.1' ],
14 silly audit   '@babel/plugin-transform-template-literals': [ '7.27.1' ],
14 silly audit   '@babel/plugin-transform-typeof-symbol': [ '7.27.1' ],
14 silly audit   '@babel/plugin-transform-unicode-escapes': [ '7.27.1' ],
14 silly audit   '@babel/plugin-transform-unicode-property-regex': [ '7.27.1' ],
14 silly audit   '@babel/plugin-transform-unicode-regex': [ '7.27.1' ],
14 silly audit   '@babel/plugin-transform-unicode-sets-regex': [ '7.27.1' ],
14 silly audit   '@babel/preset-env': [ '7.26.9' ],
14 silly audit   '@babel/preset-modules': [ '0.1.6-no-external-plugins' ],
14 silly audit   '@babel/runtime': [ '7.26.10' ],
14 silly audit   '@babel/template': [ '7.27.2' ],
14 silly audit   '@babel/traverse': [ '7.28.5' ],
14 silly audit   '@babel/types': [ '7.28.5' ],
14 silly audit   '@colors/colors': [ '1.5.0' ],
14 silly audit   qs: [ '6.13.0' ],
14 silly audit   debug: [ '2.6.9', '4.4.3', '4.3.7' ],
14 silly audit   '@discoveryjs/json-ext': [ '0.6.1' ],
14 silly audit   '@esbuild/aix-ppc64': [ '0.23.0', '0.21.5' ],
14 silly audit   '@esbuild/android-arm': [ '0.23.0', '0.21.5' ],
14 silly audit   '@esbuild/android-arm64': [ '0.23.0', '0.21.5' ],
14 silly audit   '@esbuild/android-x64': [ '0.23.0', '0.21.5' ],
14 silly audit   '@esbuild/darwin-arm64': [ '0.23.0', '0.21.5' ],
14 silly audit   '@esbuild/darwin-x64': [ '0.23.0', '0.21.5' ],
14 silly audit   '@esbuild/freebsd-arm64': [ '0.23.0', '0.21.5' ],
14 silly audit   '@esbuild/freebsd-x64': [ '0.23.0', '0.21.5' ],
14 silly audit   '@esbuild/linux-arm': [ '0.23.0', '0.21.5' ],
14 silly audit   '@esbuild/linux-arm64': [ '0.23.0', '0.21.5' ],
14 silly audit   '@esbuild/linux-ia32': [ '0.23.0', '0.21.5' ],
14 silly audit   '@esbuild/linux-loong64': [ '0.23.0', '0.21.5' ],
14 silly audit   '@esbuild/linux-mips64el': [ '0.23.0', '0.21.5' ],
14 silly audit   '@esbuild/linux-ppc64': [ '0.23.0', '0.21.5' ],
14 silly audit   '@esbuild/linux-riscv64': [ '0.23.0', '0.21.5' ],
14 silly audit   '@esbuild/linux-s390x': [ '0.23.0', '0.21.5' ],
14 silly audit   '@esbuild/linux-x64': [ '0.23.0', '0.21.5' ],
14 silly audit   '@esbuild/netbsd-x64': [ '0.23.0', '0.21.5' ],
14 silly audit   '@esbuild/openbsd-arm64': [ '0.23.0' ],
14 silly audit   '@esbuild/openbsd-x64': [ '0.23.0', '0.21.5' ],
14 silly audit   '@esbuild/sunos-x64': [ '0.23.0', '0.21.5' ],
14 silly audit   '@esbuild/win32-arm64': [ '0.23.0', '0.21.5' ],
14 silly audit   '@esbuild/win32-ia32': [ '0.23.0', '0.21.5' ],
14 silly audit   '@esbuild/win32-x64': [ '0.23.0', '0.21.5' ],
14 silly audit   '@inquirer/checkbox': [ '2.5.0' ],
14 silly audit   '@inquirer/confirm': [ '3.1.22' ],
14 silly audit   '@inquirer/core': [ '9.2.1' ],
14 silly audit   '@inquirer/type': [ '2.0.0', '1.5.5' ],
14 silly audit   '@inquirer/editor': [ '2.2.0' ],
14 silly audit   '@inquirer/expand': [ '2.3.0' ],
14 silly audit   '@inquirer/figures': [ '1.0.15' ],
14 silly audit   '@inquirer/input': [ '2.3.0' ],
14 silly audit   '@inquirer/number': [ '1.1.0' ],
14 silly audit   '@inquirer/password': [ '2.2.0' ],
14 silly audit   '@inquirer/prompts': [ '5.3.8' ],
14 silly audit   '@inquirer/rawlist': [ '2.3.0' ],
14 silly audit   '@inquirer/search': [ '1.1.0' ],
14 silly audit   '@inquirer/select': [ '2.5.0' ],
14 silly audit   '@isaacs/cliui': [ '8.0.2' ],
14 silly audit   'ansi-regex': [ '6.2.2', '5.0.1' ],
14 silly audit   'ansi-styles': [ '6.2.3', '4.3.0' ],
14 silly audit   'emoji-regex': [ '9.2.2', '8.0.0', '10.6.0' ],
14 silly audit   'string-width': [ '5.1.2', '4.2.3', '7.2.0' ],
14 silly audit   'strip-ansi': [ '7.1.2', '6.0.1' ],
14 silly audit   'wrap-ansi': [ '8.1.0', '7.0.0', '9.0.2', '6.2.0' ],
14 silly audit   '@istanbuljs/schema': [ '0.1.3' ],
14 silly audit   '@jridgewell/gen-mapping': [ '0.3.13' ],
14 silly audit   '@jridgewell/resolve-uri': [ '3.1.2' ],
14 silly audit   '@jridgewell/source-map': [ '0.3.11' ],
14 silly audit   '@jridgewell/sourcemap-codec': [ '1.5.5' ],
14 silly audit   '@jridgewell/trace-mapping': [ '0.3.31' ],
14 silly audit   '@jsonjoy.com/base64': [ '1.1.2' ],
14 silly audit   '@jsonjoy.com/buffers': [ '1.2.1' ],
14 silly audit   '@jsonjoy.com/codegen': [ '1.0.0' ],
14 silly audit   '@jsonjoy.com/json-pack': [ '1.21.0' ],
14 silly audit   '@jsonjoy.com/json-pointer': [ '1.0.2' ],
14 silly audit   '@jsonjoy.com/util': [ '1.9.0' ],
14 silly audit   '@leichtgewicht/ip-codec': [ '2.0.5' ],
14 silly audit   '@listr2/prompt-adapter-inquirer': [ '2.0.15' ],
14 silly audit   '@lmdb/lmdb-darwin-arm64': [ '3.0.13' ],
14 silly audit   '@lmdb/lmdb-darwin-x64': [ '3.0.13' ],
14 silly audit   '@lmdb/lmdb-linux-arm': [ '3.0.13' ],
14 silly audit   '@lmdb/lmdb-linux-arm64': [ '3.0.13' ],
14 silly audit   '@lmdb/lmdb-linux-x64': [ '3.0.13' ],
14 silly audit   '@lmdb/lmdb-win32-x64': [ '3.0.13' ],
14 silly audit   '@msgpackr-extract/msgpackr-extract-darwin-arm64': [ '3.0.3' ],
14 silly audit   '@msgpackr-extract/msgpackr-extract-darwin-x64': [ '3.0.3' ],
14 silly audit   '@msgpackr-extract/msgpackr-extract-linux-arm': [ '3.0.3' ],
14 silly audit   '@msgpackr-extract/msgpackr-extract-linux-arm64': [ '3.0.3' ],
14 silly audit   '@msgpackr-extract/msgpackr-extract-linux-x64': [ '3.0.3' ],
14 silly audit   '@msgpackr-extract/msgpackr-extract-win32-x64': [ '3.0.3' ],
14 silly audit   '@ngtools/webpack': [ '18.2.21' ],
14 silly audit   '@nodelib/fs.scandir': [ '2.1.5' ],
14 silly audit   '@nodelib/fs.stat': [ '2.0.5' ],
14 silly audit   '@nodelib/fs.walk': [ '1.2.8' ],
14 silly audit   '@npmcli/agent': [ '2.2.2' ],
14 silly audit   'lru-cache': [ '10.4.3', '5.1.1' ],
14 silly audit   '@npmcli/fs': [ '3.1.1' ],
14 silly audit   '@npmcli/git': [ '5.0.8' ],
14 silly audit   isexe: [ '3.1.1', '2.0.0' ],
14 silly audit   which: [ '4.0.0', '2.0.2', '1.3.1' ],
14 silly audit   '@npmcli/installed-package-contents': [ '2.1.0' ],
14 silly audit   '@npmcli/node-gyp': [ '3.0.0' ],
14 silly audit   '@npmcli/package-json': [ '5.2.1' ],
14 silly audit   'brace-expansion': [ '2.0.2', '1.1.12' ],
14 silly audit   glob: [ '10.5.0', '7.2.3' ],
14 silly audit   minimatch: [ '9.0.5', '3.1.2' ],
14 silly audit   '@npmcli/promise-spawn': [ '7.0.2' ],
14 silly audit   '@npmcli/redact': [ '2.0.1' ],
14 silly audit   '@npmcli/run-script': [ '8.1.0' ],
14 silly audit   '@pkgjs/parseargs': [ '0.11.0' ],
14 silly audit   '@rollup/rollup-android-arm-eabi': [ '4.22.4' ],
14 silly audit   '@rollup/rollup-android-arm64': [ '4.22.4' ],
14 silly audit   '@rollup/rollup-darwin-arm64': [ '4.22.4' ],
14 silly audit   '@rollup/rollup-darwin-x64': [ '4.22.4' ],
14 silly audit   '@rollup/rollup-linux-arm-gnueabihf': [ '4.22.4' ],
14 silly audit   '@rollup/rollup-linux-arm-musleabihf': [ '4.22.4' ],
14 silly audit   '@rollup/rollup-linux-arm64-gnu': [ '4.22.4' ],
14 silly audit   '@rollup/rollup-linux-arm64-musl': [ '4.22.4' ],
14 silly audit   '@rollup/rollup-linux-powerpc64le-gnu': [ '4.22.4' ],
14 silly audit   '@rollup/rollup-linux-riscv64-gnu': [ '4.22.4' ],
14 silly audit   '@rollup/rollup-linux-s390x-gnu': [ '4.22.4' ],
14 silly audit   '@rollup/rollup-linux-x64-gnu': [ '4.22.4' ],
14 silly audit   '@rollup/rollup-linux-x64-musl': [ '4.22.4' ],
14 silly audit   '@rollup/rollup-win32-arm64-msvc': [ '4.22.4' ],
14 silly audit   '@rollup/rollup-win32-ia32-msvc': [ '4.22.4' ],
14 silly audit   '@rollup/rollup-win32-x64-msvc': [ '4.22.4' ],
14 silly audit   '@schematics/angular': [ '18.2.21' ],
14 silly audit   '@sigstore/bundle': [ '2.3.2' ],
14 silly audit   '@sigstore/core': [ '1.1.0' ],
14 silly audit   '@sigstore/protobuf-specs': [ '0.3.3' ],
14 silly audit   '@sigstore/sign': [ '2.3.2' ],
14 silly audit   '@sigstore/tuf': [ '2.3.4' ],
14 silly audit   '@sigstore/verify': [ '1.2.1' ],
14 silly audit   '@sindresorhus/merge-streams': [ '2.3.0' ],
14 silly audit   '@socket.io/component-emitter': [ '3.1.2' ],
14 silly audit   '@tufjs/canonical-json': [ '2.0.0' ],
14 silly audit   '@tufjs/models': [ '2.0.1' ],
14 silly audit   '@types/body-parser': [ '1.19.6' ],
14 silly audit   '@types/bonjour': [ '3.5.13' ],
14 silly audit   '@types/connect': [ '3.4.38' ],
14 silly audit   '@types/connect-history-api-fallback': [ '1.5.4' ],
14 silly audit   '@types/cors': [ '2.8.19' ],
14 silly audit   '@types/estree': [ '1.0.5' ],
14 silly audit   '@types/express': [ '4.17.25' ],
14 silly audit   '@types/express-serve-static-core': [ '4.19.7' ],
14 silly audit   '@types/http-errors': [ '2.0.5' ],
14 silly audit   '@types/http-proxy': [ '1.17.17' ],
14 silly audit   '@types/jasmine': [ '5.1.13' ],
14 silly audit   '@types/json-schema': [ '7.0.15' ],
14 silly audit   '@types/mime': [ '1.3.5' ],
14 silly audit   '@types/mute-stream': [ '0.0.4' ],
14 silly audit   '@types/node': [ '22.19.1' ],
14 silly audit   '@types/node-forge': [ '1.3.14' ],
14 silly audit   '@types/qs': [ '6.14.0' ],
14 silly audit   '@types/range-parser': [ '1.2.7' ],
14 silly audit   '@types/retry': [ '0.12.2' ],
14 silly audit   '@types/send': [ '1.2.1', '0.17.6' ],
14 silly audit   '@types/serve-index': [ '1.9.4' ],
14 silly audit   '@types/serve-static': [ '1.15.10' ],
14 silly audit   '@types/sockjs': [ '0.3.36' ],
14 silly audit   '@types/wrap-ansi': [ '3.0.0' ],
14 silly audit   '@types/ws': [ '8.18.1' ],
14 silly audit   '@vitejs/plugin-basic-ssl': [ '1.1.0' ],
14 silly audit   '@webassemblyjs/ast': [ '1.14.1' ],
14 silly audit   '@webassemblyjs/floating-point-hex-parser': [ '1.13.2' ],
14 silly audit   '@webassemblyjs/helper-api-error': [ '1.13.2' ],
14 silly audit   '@webassemblyjs/helper-buffer': [ '1.14.1' ],
14 silly audit   '@webassemblyjs/helper-numbers': [ '1.13.2' ],
14 silly audit   '@webassemblyjs/helper-wasm-bytecode': [ '1.13.2' ],
14 silly audit   '@webassemblyjs/helper-wasm-section': [ '1.14.1' ],
14 silly audit   '@webassemblyjs/ieee754': [ '1.13.2' ],
14 silly audit   '@webassemblyjs/leb128': [ '1.13.2' ],
14 silly audit   '@webassemblyjs/utf8': [ '1.13.2' ],
14 silly audit   '@webassemblyjs/wasm-edit': [ '1.14.1' ],
14 silly audit   '@webassemblyjs/wasm-gen': [ '1.14.1' ],
14 silly audit   '@webassemblyjs/wasm-opt': [ '1.14.1' ],
14 silly audit   '@webassemblyjs/wasm-parser': [ '1.14.1' ],
14 silly audit   '@webassemblyjs/wast-printer': [ '1.14.1' ],
14 silly audit   '@xtuc/ieee754': [ '1.2.0' ],
14 silly audit   '@xtuc/long': [ '4.2.2' ],
14 silly audit   '@yarnpkg/lockfile': [ '1.1.0' ],
14 silly audit   abbrev: [ '2.0.0' ],
14 silly audit   accepts: [ '1.3.8' ],
14 silly audit   negotiator: [ '0.6.3', '0.6.4' ],
14 silly audit   acorn: [ '8.15.0' ],
14 silly audit   'acorn-import-attributes': [ '1.9.5' ],
14 silly audit   'adjust-sourcemap-loader': [ '4.0.0' ],
14 silly audit   'loader-utils': [ '2.0.4', '3.3.1' ],
14 silly audit   'agent-base': [ '7.1.4' ],
14 silly audit   'aggregate-error': [ '3.1.0' ],
14 silly audit   ajv: [ '8.17.1', '6.12.6' ],
14 silly audit   'ajv-formats': [ '3.0.1', '2.1.1' ],
14 silly audit   'ajv-keywords': [ '5.1.0', '3.5.2' ],
14 silly audit   'ansi-colors': [ '4.1.3' ],
14 silly audit   'ansi-escapes': [ '4.3.2', '7.2.0' ],
14 silly audit   'ansi-html-community': [ '0.0.8' ],
14 silly audit   anymatch: [ '3.1.3' ],
14 silly audit   picomatch: [ '2.3.1', '4.0.2' ],
14 silly audit   argparse: [ '2.0.1' ],
14 silly audit   'array-flatten': [ '1.1.1' ],
14 silly audit   autoprefixer: [ '10.4.20' ],
14 silly audit   'babel-loader': [ '9.1.3' ],
14 silly audit   'babel-plugin-polyfill-corejs2': [ '0.4.14' ],
14 silly audit   'babel-plugin-polyfill-corejs3': [ '0.11.1' ],
14 silly audit   'babel-plugin-polyfill-regenerator': [ '0.6.5' ],
14 silly audit   'balanced-match': [ '1.0.2' ],
14 silly audit   'base64-js': [ '1.5.1' ],
14 silly audit   base64id: [ '2.0.0' ],
14 silly audit   'baseline-browser-mapping': [ '2.8.29' ],
14 silly audit   batch: [ '0.6.1' ],
14 silly audit   'big.js': [ '5.2.2' ],
14 silly audit   'binary-extensions': [ '2.3.0' ],
14 silly audit   bl: [ '4.1.0' ],
14 silly audit   'body-parser': [ '1.20.3' ],
14 silly audit   ms: [ '2.0.0', '2.1.3' ],
14 silly audit   'bonjour-service': [ '1.3.0' ],
14 silly audit   boolbase: [ '1.0.0' ],
14 silly audit   braces: [ '3.0.3' ],
14 silly audit   browserslist: [ '4.28.0' ],
14 silly audit   buffer: [ '5.7.1' ],
14 silly audit   'buffer-from': [ '1.1.2' ],
14 silly audit   'bundle-name': [ '4.1.0' ],
14 silly audit   bytes: [ '3.1.2' ],
14 silly audit   cacache: [ '18.0.4' ],
14 silly audit   'call-bind-apply-helpers': [ '1.0.2' ],
14 silly audit   'call-bound': [ '1.0.4' ],
14 silly audit   callsites: [ '3.1.0' ],
14 silly audit   'caniuse-lite': [ '1.0.30001755' ],
14 silly audit   chalk: [ '4.1.2' ],
14 silly audit   chardet: [ '0.7.0' ],
14 silly audit   'glob-parent': [ '5.1.2', '6.0.2' ],
14 silly audit   chownr: [ '2.0.0' ],
14 silly audit   'chrome-trace-event': [ '1.0.4' ],
14 silly audit   'clean-stack': [ '2.2.0' ],
14 silly audit   'cli-cursor': [ '5.0.0', '3.1.0' ],
14 silly audit   'cli-spinners': [ '2.9.2' ],
14 silly audit   'is-fullwidth-code-point': [ '3.0.0', '4.0.0', '5.1.0' ],
14 silly audit   'cli-truncate': [ '4.0.0' ],
14 silly audit   'cli-width': [ '4.1.0' ],
14 silly audit   cliui: [ '8.0.1', '7.0.4' ],
14 silly audit   clone: [ '1.0.4' ],
14 silly audit   'clone-deep': [ '4.0.1' ],
14 silly audit   'is-plain-object': [ '2.0.4', '5.0.0' ],
14 silly audit   'color-convert': [ '2.0.1' ],
14 silly audit   'color-name': [ '1.1.4' ],
14 silly audit   colorette: [ '2.0.20' ],
14 silly audit   commander: [ '2.20.3' ],
14 silly audit   'common-path-prefix': [ '3.0.0' ],
14 silly audit   compressible: [ '2.0.18' ],
14 silly audit   compression: [ '1.8.1' ],
14 silly audit   'concat-map': [ '0.0.1' ],
14 silly audit   connect: [ '3.7.0' ],
14 silly audit   'connect-history-api-fallback': [ '2.0.0' ],
14 silly audit   'content-disposition': [ '0.5.4' ],
14 silly audit   'content-type': [ '1.0.5' ],
14 silly audit   cookie: [ '0.7.2', '0.7.1' ],
14 silly audit   'cookie-signature': [ '1.0.6' ],
14 silly audit   'copy-anything': [ '2.0.6' ],
14 silly audit   'copy-webpack-plugin': [ '12.0.2' ],
14 silly audit   'core-js-compat': [ '3.47.0' ],
14 silly audit   'core-util-is': [ '1.0.3' ],
14 silly audit   cors: [ '2.8.5' ],
14 silly audit   cosmiconfig: [ '9.0.0' ],
14 silly audit   critters: [ '0.0.24' ],
14 silly audit   'cross-spawn': [ '7.0.6' ],
14 silly audit   'css-loader': [ '7.1.2' ],
14 silly audit   'css-select': [ '5.2.2' ],
14 silly audit   'css-what': [ '6.2.2' ],
14 silly audit   cssesc: [ '3.0.0' ],
14 silly audit   'custom-event': [ '1.0.1' ],
14 silly audit   'fs-extra': [ '8.1.0' ],
14 silly audit   jsonfile: [ '4.0.0' ],
14 silly audit   listr2: [ '8.2.4' ],
14 silly audit   'log-update': [ '6.1.0' ],
14 silly audit   'slice-ansi': [ '7.1.2', '5.0.0' ],
14 silly audit   onetime: [ '7.0.0', '5.1.2' ],
14 silly audit   'restore-cursor': [ '3.1.0', '5.1.0' ],
14 silly audit   'signal-exit': [ '3.0.7', '4.1.0' ],
14 silly audit   'supports-color': [ '8.1.1', '7.2.0' ],
14 silly audit   tmp: [ '0.2.5', '0.0.33' ],
14 silly audit   universalify: [ '0.1.2' ],
14 silly audit   'date-format': [ '4.0.14' ],
14 silly audit   'default-browser': [ '5.4.0' ],
14 silly audit   'default-browser-id': [ '5.0.1' ],
14 silly audit   defaults: [ '1.0.4' ],
14 silly audit   'define-lazy-prop': [ '3.0.0' ],
14 silly audit   depd: [ '2.0.0', '1.1.2' ],
14 silly audit   destroy: [ '1.2.0' ],
14 silly audit   'detect-libc': [ '2.1.2' ],
14 silly audit   'detect-node': [ '2.1.0' ],
14 silly audit   di: [ '0.0.1' ],
14 silly audit   'dns-packet': [ '5.6.1' ],
14 silly audit   'dom-serialize': [ '2.2.1' ],
14 silly audit   'dom-serializer': [ '2.0.0' ],
14 silly audit   domelementtype: [ '2.3.0' ],
14 silly audit   domhandler: [ '5.0.3' ],
14 silly audit   domutils: [ '3.2.2' ],
14 silly audit   'dunder-proto': [ '1.0.1' ],
14 silly audit   eastasianwidth: [ '0.2.0' ],
14 silly audit   'ee-first': [ '1.1.1' ],
14 silly audit   'electron-to-chromium': [ '1.5.255' ],
14 silly audit   'emojis-list': [ '3.0.0' ],
14 silly audit   encodeurl: [ '1.0.2', '2.0.0' ],
14 silly audit   encoding: [ '0.1.13' ],
14 silly audit   'iconv-lite': [ '0.6.3', '0.4.24' ],
14 silly audit   'engine.io': [ '6.6.4' ],
14 silly audit   'engine.io-parser': [ '5.2.3' ],
14 silly audit   'enhanced-resolve': [ '5.18.3' ],
14 silly audit   ent: [ '2.2.2' ],
14 silly audit   entities: [ '4.5.0', '6.0.1' ],
14 silly audit   'env-paths': [ '2.2.1' ],
14 silly audit   environment: [ '1.1.0' ],
14 silly audit   'err-code': [ '2.0.3' ],
14 silly audit   errno: [ '0.1.8' ],
14 silly audit   'error-ex': [ '1.3.4' ],
14 silly audit   'es-define-property': [ '1.0.1' ],
14 silly audit   'es-errors': [ '1.3.0' ],
14 silly audit   'es-module-lexer': [ '1.7.0' ],
14 silly audit   'es-object-atoms': [ '1.1.1' ],
14 silly audit   esbuild: [ '0.23.0', '0.21.5' ],
14 silly audit   'esbuild-wasm': [ '0.23.0' ],
14 silly audit   escalade: [ '3.2.0' ],
14 silly audit   'escape-html': [ '1.0.3' ],
14 silly audit   'eslint-scope': [ '5.1.1' ],
14 silly audit   esrecurse: [ '4.3.0' ],
14 silly audit   estraverse: [ '5.3.0', '4.3.0' ],
14 silly audit   esutils: [ '2.0.3' ],
14 silly audit   etag: [ '1.8.1' ],
14 silly audit   eventemitter3: [ '4.0.7', '5.0.1' ],
14 silly audit   events: [ '3.3.0' ],
14 silly audit   pify: [ '4.0.1' ],
14 silly audit   'exponential-backoff': [ '3.1.3' ],
14 silly audit   express: [ '4.21.2' ],
14 silly audit   finalhandler: [ '1.3.1', '1.1.2' ],
14 silly audit   statuses: [ '2.0.1', '1.5.0' ],
14 silly audit   extend: [ '3.0.2' ],
14 silly audit   'external-editor': [ '3.1.0' ],
14 silly audit   'fast-deep-equal': [ '3.1.3' ],
14 silly audit   'fast-glob': [ '3.3.2', '3.3.3' ],
14 silly audit   'fast-json-stable-stringify': [ '2.1.0' ],
14 silly audit   'fast-uri': [ '3.1.0' ],
14 silly audit   fastq: [ '1.19.1' ],
14 silly audit   'faye-websocket': [ '0.11.4' ],
14 silly audit   'fill-range': [ '7.1.1' ],
14 silly audit   'on-finished': [ '2.3.0', '2.4.1' ],
14 silly audit   'find-cache-dir': [ '4.0.0' ],
14 silly audit   'find-up': [ '6.3.0' ],
14 silly audit   flat: [ '5.0.2' ],
14 silly audit   flatted: [ '3.3.3' ],
14 silly audit   'follow-redirects': [ '1.15.11' ],
14 silly audit   'foreground-child': [ '3.3.1' ],
14 silly audit   forwarded: [ '0.2.0' ],
14 silly audit   'fraction.js': [ '4.3.7' ],
14 silly audit   fresh: [ '0.5.2' ],
14 silly audit   'fs-minipass': [ '3.0.3', '2.1.0' ],
14 silly audit   'fs.realpath': [ '1.0.0' ],
14 silly audit   fsevents: [ '2.3.3' ],
14 silly audit   'function-bind': [ '1.1.2' ],
14 silly audit   gensync: [ '1.0.0-beta.2' ],
14 silly audit   'get-caller-file': [ '2.0.5' ],
14 silly audit   'get-east-asian-width': [ '1.4.0' ],
14 silly audit   'get-intrinsic': [ '1.3.0' ],
14 silly audit   'get-proto': [ '1.0.1' ],
14 silly audit   'glob-to-regex.js': [ '1.2.0' ],
14 silly audit   'glob-to-regexp': [ '0.4.1' ],
14 silly audit   ini: [ '4.1.3' ],
14 silly audit   globby: [ '14.1.0' ],
14 silly audit   gopd: [ '1.2.0' ],
14 silly audit   'graceful-fs': [ '4.2.11' ],
14 silly audit   'handle-thing': [ '2.0.1' ],
14 silly audit   'has-flag': [ '4.0.0' ],
14 silly audit   'has-symbols': [ '1.1.0' ],
14 silly audit   'has-tostringtag': [ '1.0.2' ],
14 silly audit   'type-fest': [ '0.21.3' ],
14 silly audit   hasown: [ '2.0.2' ],
14 silly audit   'hosted-git-info': [ '7.0.2' ],
14 silly audit   'hpack.js': [ '2.1.6' ],
14 silly audit   'readable-stream': [ '2.3.8', '3.6.2' ],
14 silly audit   'safe-buffer': [ '5.1.2', '5.2.1' ],
14 silly audit   string_decoder: [ '1.1.1', '1.3.0' ],
14 silly audit   'html-escaper': [ '2.0.2' ],
14 silly audit   htmlparser2: [ '8.0.2' ],
14 silly audit   'http-cache-semantics': [ '4.2.0' ],
14 silly audit   'http-deceiver': [ '1.2.7' ],
14 silly audit   'http-errors': [ '2.0.0', '1.6.3' ],
14 silly audit   'http-parser-js': [ '0.5.10' ],
14 silly audit   'http-proxy': [ '1.18.1' ],
14 silly audit   'http-proxy-agent': [ '7.0.2' ],
14 silly audit   'http-proxy-middleware': [ '3.0.5', '2.0.9' ],
14 silly audit   'https-proxy-agent': [ '7.0.5' ],
14 silly audit   hyperdyperid: [ '1.2.0' ],
14 silly audit   'icss-utils': [ '5.1.0' ],
14 silly audit   ieee754: [ '1.2.1' ],
14 silly audit   ignore: [ '7.0.5' ],
14 silly audit   'ignore-walk': [ '6.0.5' ],
14 silly audit   'image-size': [ '0.5.5' ],
14 silly audit   immutable: [ '4.3.7' ],
14 silly audit   'import-fresh': [ '3.3.1' ],
14 silly audit   imurmurhash: [ '0.1.4' ],
14 silly audit   'indent-string': [ '4.0.0' ],
14 silly audit   inflight: [ '1.0.6' ],
14 silly audit   inherits: [ '2.0.4', '2.0.3' ],
14 silly audit   'ip-address': [ '10.1.0' ],
14 silly audit   'ipaddr.js': [ '2.2.0', '1.9.1' ],
14 silly audit   'is-arrayish': [ '0.2.1' ],
14 silly audit   'is-binary-path': [ '2.1.0' ],
14 silly audit   'is-core-module': [ '2.16.1' ],
14 silly audit   'is-docker': [ '3.0.0' ],
14 silly audit   'is-extglob': [ '2.1.1' ],
14 silly audit   'is-glob': [ '4.0.3' ],
14 silly audit   'is-inside-container': [ '1.0.0' ],
14 silly audit   'is-interactive': [ '1.0.0' ],
14 silly audit   'is-lambda': [ '1.0.1' ],
14 silly audit   'is-network-error': [ '1.3.0' ],
14 silly audit   'is-number': [ '7.0.0' ],
14 silly audit   'is-plain-obj': [ '3.0.0' ],
14 silly audit   'is-regex': [ '1.2.1' ],
14 silly audit   'is-unicode-supported': [ '0.1.0' ],
14 silly audit   'is-what': [ '3.14.1' ],
14 silly audit   'is-wsl': [ '3.1.0' ],
14 silly audit   isarray: [ '1.0.0' ],
14 silly audit   isbinaryfile: [ '4.0.10' ],
14 silly audit   isobject: [ '3.0.1' ],
14 silly audit   'istanbul-lib-coverage': [ '3.2.2' ],
14 silly audit   'istanbul-lib-instrument': [ '6.0.3', '5.2.1' ],
14 silly audit   'istanbul-lib-report': [ '3.0.1' ],
14 silly audit   'istanbul-lib-source-maps': [ '4.0.1' ],
14 silly audit   'source-map': [ '0.6.1', '0.7.4' ],
14 silly audit   'istanbul-reports': [ '3.2.0' ],
14 silly audit   jackspeak: [ '3.4.3' ],
14 silly audit   'jasmine-core': [ '5.2.0', '4.6.1' ],
14 silly audit   'jest-worker': [ '27.5.1' ],
14 silly audit   jiti: [ '1.21.7' ],
14 silly audit   'js-tokens': [ '4.0.0' ],
14 silly audit   'js-yaml': [ '4.1.1' ],
14 silly audit   jsesc: [ '3.1.0' ],
14 silly audit   'json-parse-even-better-errors': [ '3.0.2', '2.3.1' ],
14 silly audit   'json-schema-traverse': [ '1.0.0', '0.4.1' ],
14 silly audit   json5: [ '2.2.3' ],
14 silly audit   'jsonc-parser': [ '3.3.1' ],
14 silly audit   jsonparse: [ '1.3.1' ],
14 silly audit   karma: [ '6.4.4' ],
14 silly audit   'karma-chrome-launcher': [ '3.2.0' ],
14 silly audit   'karma-coverage': [ '2.2.1' ],
14 silly audit   'karma-jasmine': [ '5.1.0' ],
14 silly audit   'karma-jasmine-html-reporter': [ '2.1.0' ],
14 silly audit   'karma-source-map-support': [ '1.4.0' ],
14 silly audit   yargs: [ '16.2.0', '17.7.2' ],
14 silly audit   'yargs-parser': [ '20.2.9', '21.1.1' ],
14 silly audit   'kind-of': [ '6.0.3' ],
14 silly audit   'launch-editor': [ '2.12.0' ],
14 silly audit   less: [ '4.2.0' ],
14 silly audit   'less-loader': [ '12.2.0' ],
14 silly audit   'make-dir': [ '2.1.0', '4.0.0' ],
14 silly audit   mime: [ '1.6.0', '2.6.0' ],
14 silly audit   'license-webpack-plugin': [ '4.0.2' ],
14 silly audit   'lines-and-columns': [ '1.2.4' ],
14 silly audit   lmdb: [ '3.0.13' ],
14 silly audit   'loader-runner': [ '4.3.1' ],
14 silly audit   'locate-path': [ '7.2.0' ],
14 silly audit   lodash: [ '4.17.21' ],
14 silly audit   'lodash.debounce': [ '4.0.8' ],
14 silly audit   'log-symbols': [ '4.1.0' ],
14 silly audit   log4js: [ '6.9.1' ],
14 silly audit   'magic-string': [ '0.30.11' ],
14 silly audit   'make-fetch-happen': [ '13.0.1' ],
14 silly audit   'math-intrinsics': [ '1.1.0' ],
14 silly audit   'media-typer': [ '0.3.0' ],
14 silly audit   memfs: [ '4.51.0' ],
14 silly audit   'merge-descriptors': [ '1.0.3' ],
14 silly audit   'merge-stream': [ '2.0.0' ],
14 silly audit   merge2: [ '1.4.1' ],
14 silly audit   methods: [ '1.1.2' ],
14 silly audit   micromatch: [ '4.0.8' ],
14 silly audit   'mime-db': [ '1.52.0' ],
14 silly audit   'mime-types': [ '2.1.35' ],
14 silly audit   'mimic-fn': [ '2.1.0' ],
14 silly audit   'mimic-function': [ '5.0.1' ],
14 silly audit   'mini-css-extract-plugin': [ '2.9.0' ],
14 silly audit   'minimalistic-assert': [ '1.0.1' ],
14 silly audit   minimist: [ '1.2.8' ],
14 silly audit   minipass: [ '7.1.2', '3.3.6', '5.0.0' ],
14 silly audit   'minipass-collect': [ '2.0.1' ],
14 silly audit   'minipass-fetch': [ '3.0.5' ],
14 silly audit   'minipass-flush': [ '1.0.5' ],
14 silly audit   yallist: [ '4.0.0', '3.1.1' ],
14 silly audit   'minipass-pipeline': [ '1.2.4' ],
14 silly audit   'minipass-sized': [ '1.0.3' ],
14 silly audit   minizlib: [ '2.1.2' ],
14 silly audit   mkdirp: [ '0.5.6', '1.0.4' ],
14 silly audit   mrmime: [ '2.0.0' ],
14 silly audit   msgpackr: [ '1.11.5' ],
14 silly audit   'msgpackr-extract': [ '3.0.3' ],
14 silly audit   'multicast-dns': [ '7.2.5' ],
14 silly audit   'mute-stream': [ '1.0.0' ],
14 silly audit   nanoid: [ '3.3.11' ],
14 silly audit   needle: [ '3.3.1' ],
14 silly audit   'neo-async': [ '2.6.2' ],
14 silly audit   'nice-napi': [ '1.0.2' ],
14 silly audit   'node-addon-api': [ '3.2.1', '6.1.0' ],
14 silly audit   'node-forge': [ '1.3.1' ],
14 silly audit   'node-gyp': [ '10.3.1' ],
14 silly audit   'node-gyp-build': [ '4.8.4' ],
14 silly audit   'node-gyp-build-optional-packages': [ '5.2.2' ],
14 silly audit   'node-releases': [ '2.0.27' ],
14 silly audit   nopt: [ '7.2.1' ],
14 silly audit   'normalize-package-data': [ '6.0.2' ],
14 silly audit   'normalize-path': [ '3.0.0' ],
14 silly audit   'normalize-range': [ '0.1.2' ],
14 silly audit   'npm-bundled': [ '3.0.1' ],
14 silly audit   'npm-install-checks': [ '6.3.0' ],
14 silly audit   'npm-normalize-package-bin': [ '3.0.1' ],
14 silly audit   'npm-package-arg': [ '11.0.3' ],
14 silly audit   'npm-packlist': [ '8.0.2' ],
14 silly audit   'npm-pick-manifest': [ '9.1.0' ],
14 silly audit   'npm-registry-fetch': [ '17.1.0' ],
14 silly audit   'nth-check': [ '2.1.1' ],
14 silly audit   'object-assign': [ '4.1.1' ],
14 silly audit   'object-inspect': [ '1.13.4' ],
14 silly audit   obuf: [ '1.1.2' ],
14 silly audit   'on-headers': [ '1.1.0' ],
14 silly audit   once: [ '1.4.0' ],
14 silly audit   open: [ '10.1.0' ],
14 silly audit   ora: [ '5.4.1' ],
14 silly audit   'ordered-binary': [ '1.6.0' ],
14 silly audit   'os-tmpdir': [ '1.0.2' ],
14 silly audit   'p-limit': [ '4.0.0' ],
14 silly audit   'p-locate': [ '6.0.0' ],
14 silly audit   'p-map': [ '4.0.0' ],
14 silly audit   'p-retry': [ '6.2.1' ],
14 silly audit   retry: [ '0.13.1', '0.12.0' ],
14 silly audit   'package-json-from-dist': [ '1.0.1' ],
14 silly audit   pacote: [ '18.0.6' ],
14 silly audit   'parent-module': [ '1.0.1' ],
14 silly audit   'parse-json': [ '5.2.0' ],
14 silly audit   'parse-node-version': [ '1.0.1' ],
14 silly audit   parse5: [ '7.3.0' ],
14 silly audit   'parse5-html-rewriting-stream': [ '7.0.0' ],
14 silly audit   'parse5-sax-parser': [ '7.0.0' ],
14 silly audit   parseurl: [ '1.3.3' ],
14 silly audit   'path-exists': [ '5.0.0' ],
14 silly audit   'path-is-absolute': [ '1.0.1' ],
14 silly audit   'path-key': [ '3.1.1' ],
14 silly audit   'path-parse': [ '1.0.7' ],
14 silly audit   'path-scurry': [ '1.11.1' ],
14 silly audit   'path-to-regexp': [ '0.1.12' ],
14 silly audit   'path-type': [ '6.0.0' ],
14 silly audit   picocolors: [ '1.1.1' ],
14 silly audit   piscina: [ '4.6.1' ],
14 silly audit   'pkg-dir': [ '7.0.0' ],
14 silly audit   postcss: [ '8.4.41', '8.5.6' ],
14 silly audit   'postcss-loader': [ '8.1.1' ],
14 silly audit   'postcss-media-query-parser': [ '0.2.3' ],
14 silly audit   'postcss-modules-extract-imports': [ '3.1.0' ],
14 silly audit   'postcss-modules-local-by-default': [ '4.2.0' ],
14 silly audit   'postcss-modules-scope': [ '3.2.1' ],
14 silly audit   'postcss-modules-values': [ '4.0.0' ],
14 silly audit   'postcss-selector-parser': [ '7.1.0' ],
14 silly audit   'postcss-value-parser': [ '4.2.0' ],
14 silly audit   'proc-log': [ '4.2.0' ],
14 silly audit   'process-nextick-args': [ '2.0.1' ],
14 silly audit   'promise-inflight': [ '1.0.1' ],
14 silly audit   'promise-retry': [ '2.0.1' ],
14 silly audit   'proxy-addr': [ '2.0.7' ],
14 silly audit   prr: [ '1.0.1' ],
14 silly audit   punycode: [ '1.4.1', '2.3.1' ],
14 silly audit   qjobs: [ '1.2.0' ],
14 silly audit   'queue-microtask': [ '1.2.3' ],
14 silly audit   randombytes: [ '2.1.0' ],
14 silly audit   'range-parser': [ '1.2.1' ],
14 silly audit   'raw-body': [ '2.5.2' ],
14 silly audit   'reflect-metadata': [ '0.2.2' ],
14 silly audit   regenerate: [ '1.4.2' ],
14 silly audit   'regenerate-unicode-properties': [ '10.2.2' ],
14 silly audit   'regenerator-runtime': [ '0.14.1' ],
14 silly audit   'regex-parser': [ '2.3.1' ],
14 silly audit   'regexpu-core': [ '6.4.0' ],
14 silly audit   regjsgen: [ '0.8.0' ],
14 silly audit   regjsparser: [ '0.13.0' ],
14 silly audit   'require-directory': [ '2.1.1' ],
14 silly audit   'require-from-string': [ '2.0.2' ],
14 silly audit   'requires-port': [ '1.0.0' ],
14 silly audit   'resolve-from': [ '4.0.0' ],
14 silly audit   'resolve-url-loader': [ '5.0.0' ],
14 silly audit   reusify: [ '1.1.0' ],
14 silly audit   rfdc: [ '1.4.1' ],
14 silly audit   rimraf: [ '3.0.2' ],
14 silly audit   rollup: [ '4.22.4' ],
14 silly audit   'run-applescript': [ '7.1.0' ],
14 silly audit   'run-parallel': [ '1.2.0' ],
14 silly audit   'safe-regex-test': [ '1.1.0' ],
14 silly audit   'safer-buffer': [ '2.1.2' ],
14 silly audit   sass: [ '1.77.6' ],
14 silly audit   'sass-loader': [ '16.0.0' ],
14 silly audit   sax: [ '1.4.3' ],
14 silly audit   'schema-utils': [ '4.3.3', '3.3.0' ],
14 silly audit   'select-hose': [ '2.0.0' ],
14 silly audit   selfsigned: [ '2.4.1' ],
14 silly audit   send: [ '0.19.0' ],
14 silly audit   'serialize-javascript': [ '6.0.2' ],
14 silly audit   'serve-index': [ '1.9.1' ],
14 silly audit   setprototypeof: [ '1.1.0', '1.2.0' ],
14 silly audit   'serve-static': [ '1.16.2' ],
14 silly audit   'shallow-clone': [ '3.0.1' ],
14 silly audit   'shebang-command': [ '2.0.0' ],
14 silly audit   'shebang-regex': [ '3.0.0' ],
14 silly audit   'shell-quote': [ '1.8.3' ],
14 silly audit   'side-channel': [ '1.1.0' ],
14 silly audit   'side-channel-list': [ '1.0.0' ],
14 silly audit   'side-channel-map': [ '1.0.1' ],
14 silly audit   'side-channel-weakmap': [ '1.0.2' ],
14 silly audit   sigstore: [ '2.3.1' ],
14 silly audit   slash: [ '5.1.0' ],
14 silly audit   'smart-buffer': [ '4.2.0' ],
14 silly audit   'socket.io': [ '4.8.1' ],
14 silly audit   'socket.io-adapter': [ '2.5.5' ],
14 silly audit   'socket.io-parser': [ '4.2.4' ],
14 silly audit   sockjs: [ '0.3.24' ],
14 silly audit   socks: [ '2.8.7' ],
14 silly audit   'socks-proxy-agent': [ '8.0.5' ],
14 silly audit   'source-map-js': [ '1.2.1' ],
14 silly audit   'source-map-loader': [ '5.0.0' ],
14 silly audit   'source-map-support': [ '0.5.21' ],
14 silly audit   'spdx-correct': [ '3.2.0' ],
14 silly audit   'spdx-exceptions': [ '2.5.0' ],
14 silly audit   'spdx-expression-parse': [ '3.0.1' ],
14 silly audit   'spdx-license-ids': [ '3.0.22' ],
14 silly audit   spdy: [ '4.0.2' ],
14 silly audit   'spdy-transport': [ '3.0.0' ],
14 silly audit   ssri: [ '10.0.6' ],
14 silly audit   streamroller: [ '3.1.5' ],
14 silly audit   'supports-preserve-symlinks-flag': [ '1.0.0' ],
14 silly audit   'symbol-observable': [ '4.0.0' ],
14 silly audit   tapable: [ '2.3.0' ],
14 silly audit   tar: [ '6.2.1' ],
14 silly audit   terser: [ '5.31.6' ],
14 silly audit   'terser-webpack-plugin': [ '5.3.14' ],
14 silly audit   thingies: [ '2.5.0' ],
14 silly audit   thunky: [ '1.1.0' ],
14 silly audit   'to-regex-range': [ '5.0.1' ],
14 silly audit   toidentifier: [ '1.0.1' ],
14 silly audit   'tree-dump': [ '1.1.0' ],
14 silly audit   'tree-kill': [ '1.2.2' ],
14 silly audit   'tuf-js': [ '2.2.1' ],
14 silly audit   'type-is': [ '1.6.18' ],
14 silly audit   'typed-assert': [ '1.0.9' ],
14 silly audit   typescript: [ '5.5.4' ],
14 silly audit   'ua-parser-js': [ '0.7.41' ],
14 silly audit   'undici-types': [ '6.21.0' ],
14 silly audit   'unicode-canonical-property-names-ecmascript': [ '2.0.1' ],
14 silly audit   'unicode-match-property-ecmascript': [ '2.0.0' ],
14 silly audit   'unicode-match-property-value-ecmascript': [ '2.2.1' ],
14 silly audit   'unicode-property-aliases-ecmascript': [ '2.2.0' ],
14 silly audit   'unicorn-magic': [ '0.3.0' ],
14 silly audit   'unique-filename': [ '3.0.0' ],
14 silly audit   'unique-slug': [ '4.0.0' ],
14 silly audit   unpipe: [ '1.0.0' ],
14 silly audit   'update-browserslist-db': [ '1.1.4' ],
14 silly audit   'uri-js': [ '4.4.1' ],
14 silly audit   'util-deprecate': [ '1.0.2' ],
14 silly audit   'utils-merge': [ '1.0.1' ],
14 silly audit   uuid: [ '8.3.2' ],
14 silly audit   'validate-npm-package-license': [ '3.0.4' ],
14 silly audit   'validate-npm-package-name': [ '5.0.1' ],
14 silly audit   vary: [ '1.1.2' ],
14 silly audit   vite: [ '5.4.21' ],
14 silly audit   'void-elements': [ '2.0.1' ],
14 silly audit   watchpack: [ '2.4.1' ],
14 silly audit   wbuf: [ '1.7.3' ],
14 silly audit   wcwidth: [ '1.0.1' ],
14 silly audit   'weak-lru-cache': [ '1.2.2' ],
14 silly audit   webpack: [ '5.94.0' ],
14 silly audit   'webpack-dev-middleware': [ '7.4.2' ],
14 silly audit   'webpack-dev-server': [ '5.2.2' ],
14 silly audit   ws: [ '8.18.3', '8.17.1' ],
14 silly audit   'webpack-merge': [ '6.0.1' ],
14 silly audit   'webpack-sources': [ '3.3.3' ],
14 silly audit   'webpack-subresource-integrity': [ '5.1.0' ],
14 silly audit   'websocket-driver': [ '0.7.4' ],
14 silly audit   'websocket-extensions': [ '0.1.4' ],
14 silly audit   wildcard: [ '2.0.1' ],
14 silly audit   wrappy: [ '1.0.2' ],
14 silly audit   y18n: [ '5.0.8' ],
14 silly audit   'yocto-queue': [ '1.2.2' ],
14 silly audit   'yoctocolors-cjs': [ '2.1.3' ],
14 silly audit   'zone.js': [ '0.14.10' ]
14 silly audit }
15 http fetch POST 200 https://registry.npmjs.org/-/npm/v1/security/advisories/bulk 535ms
16 silly audit report {
16 silly audit report   tmp: [
16 silly audit report     {
16 silly audit report       id: 1109537,
16 silly audit report       url: 'https://github.com/advisories/GHSA-52f5-9888-hmc6',
16 silly audit report       title: 'tmp allows arbitrary temporary file / directory write via symbolic link `dir` parameter',
16 silly audit report       severity: 'low',
16 silly audit report       vulnerable_versions: '<=0.2.3',
16 silly audit report       cwe: [Array],
16 silly audit report       cvss: [Object]
16 silly audit report     }
16 silly audit report   ],
16 silly audit report   esbuild: [
16 silly audit report     {
16 silly audit report       id: 1102341,
16 silly audit report       url: 'https://github.com/advisories/GHSA-67mh-4wv8-2f99',
16 silly audit report       title: 'esbuild enables any website to send any requests to the development server and read the response',
16 silly audit report       severity: 'moderate',
16 silly audit report       vulnerable_versions: '<=0.24.2',
16 silly audit report       cwe: [Array],
16 silly audit report       cvss: [Object]
16 silly audit report     }
16 silly audit report   ]
16 silly audit report }
17 silly packumentCache corgi:https://registry.npmjs.org/tmp cache-miss
18 silly packumentCache corgi:https://registry.npmjs.org/esbuild cache-miss
19 http fetch GET 200 https://registry.npmjs.org/esbuild 62ms (cache revalidated)
20 silly packumentCache corgi:https://registry.npmjs.org/esbuild set size:874529 disposed:false
21 http fetch GET 200 https://registry.npmjs.org/tmp 106ms (cache revalidated)
22 silly packumentCache corgi:https://registry.npmjs.org/tmp set size:23979 disposed:false
23 silly packumentCache corgi:https://registry.npmjs.org/external-editor cache-miss
24 http fetch GET 200 https://registry.npmjs.org/external-editor 54ms (cache revalidated)
25 silly packumentCache corgi:https://registry.npmjs.org/external-editor set size:17808 disposed:false
26 silly packumentCache corgi:https://registry.npmjs.org/@angular-devkit%2fbuild-angular cache-miss
27 silly packumentCache corgi:https://registry.npmjs.org/@angular%2fbuild cache-miss
28 silly packumentCache corgi:https://registry.npmjs.org/vite cache-miss
29 http fetch GET 200 https://registry.npmjs.org/@angular%2fbuild 55ms (cache revalidated)
30 silly packumentCache corgi:https://registry.npmjs.org/@angular%2fbuild set size:401215 disposed:false
31 http fetch GET 200 https://registry.npmjs.org/@angular-devkit%2fbuild-angular 66ms (cache revalidated)
32 silly packumentCache corgi:https://registry.npmjs.org/@angular-devkit%2fbuild-angular set size:2916764 disposed:false
33 http fetch GET 200 https://registry.npmjs.org/vite 144ms (cache revalidated)
34 silly packumentCache corgi:https://registry.npmjs.org/vite set size:2127348 disposed:false
35 silly packumentCache corgi:https://registry.npmjs.org/@inquirer%2feditor cache-miss
36 http fetch GET 200 https://registry.npmjs.org/@inquirer%2feditor 42ms (cache revalidated)
37 silly packumentCache corgi:https://registry.npmjs.org/@inquirer%2feditor set size:97112 disposed:false
38 silly packumentCache corgi:https://registry.npmjs.org/@vitejs%2fplugin-basic-ssl cache-miss
39 http fetch GET 200 https://registry.npmjs.org/@vitejs%2fplugin-basic-ssl 51ms (cache revalidated)
40 silly packumentCache corgi:https://registry.npmjs.org/@vitejs%2fplugin-basic-ssl set size:13262 disposed:false
41 silly packumentCache corgi:https://registry.npmjs.org/@inquirer%2fprompts cache-miss
42 http fetch GET 200 https://registry.npmjs.org/@inquirer%2fprompts 60ms (cache revalidated)
43 silly packumentCache corgi:https://registry.npmjs.org/@inquirer%2fprompts set size:91975 disposed:false
44 silly packumentCache corgi:https://registry.npmjs.org/@angular%2fcli cache-miss
45 silly packumentCache corgi:https://registry.npmjs.org/@listr2%2fprompt-adapter-inquirer cache-miss
46 http fetch GET 200 https://registry.npmjs.org/@angular%2fcli 52ms (cache revalidated)
47 silly packumentCache corgi:https://registry.npmjs.org/@angular%2fcli set size:1704796 disposed:false
48 http fetch GET 200 https://registry.npmjs.org/@listr2%2fprompt-adapter-inquirer 65ms (cache revalidated)
49 silly packumentCache corgi:https://registry.npmjs.org/@listr2%2fprompt-adapter-inquirer set size:28841 disposed:false
50 verbose cwd /Users/joannasmialowski/Desktop/cursor/test
51 verbose os Darwin 24.3.0
52 verbose node v22.17.0
53 verbose npm  v10.9.2
54 verbose exit 0
55 info ok
